<?xml version="1.0" encoding="UTF-8"?>
<testsuite name="com.denofprogramming.random.RandomGeneratorTest" tests="2" skipped="0" failures="0" errors="0" timestamp="2020-03-25T22:27:34" hostname="daniel-Lenovo" time="0.009">
  <properties/>
  <testcase name="testName" classname="com.denofprogramming.random.RandomGeneratorTest" time="0.001"/>
  <testcase name="testRandomGenerator" classname="com.denofprogramming.random.RandomGeneratorTest" time="0.007"/>
  <system-out><![CDATA[]]></system-out>
  <system-err><![CDATA[]]></system-err>
</testsuite>
